[0m15:11:05.782862 [debug] [MainThread]: Sending event: {'category': 'dbt', 'action': 'invocation', 'label': 'start', 'context': [<snowplow_tracker.self_describing_json.SelfDescribingJson object at 0x0000025100CA5A60>, <snowplow_tracker.self_describing_json.SelfDescribingJson object at 0x0000025101107170>, <snowplow_tracker.self_describing_json.SelfDescribingJson object at 0x000002517E511790>]}


============================== 15:11:05.789550 | 281d909a-601c-4f65-aec6-36e14b42c432 ==============================
[0m15:11:05.789550 [info ] [MainThread]: Running with dbt=1.11.6
[0m15:11:05.790093 [debug] [MainThread]: running dbt with arguments {'static_parser': 'True', 'no_print': 'None', 'version_check': 'True', 'target_path': 'None', 'warn_error_options': 'WarnErrorOptionsV2(error=[], warn=[], silence=[])', 'printer_width': '80', 'write_json': 'True', 'introspect': 'True', 'log_cache_events': 'False', 'empty': 'None', 'cache_selected_only': 'False', 'fail_fast': 'False', 'debug': 'False', 'log_format': 'default', 'profiles_dir': 'C:\\Users\\MY MSI\\.dbt', 'send_anonymous_usage_stats': 'True', 'quiet': 'False', 'warn_error': 'None', 'partial_parse': 'True', 'use_colors': 'True', 'invocation_command': 'dbt init', 'indirect_selection': 'eager', 'use_experimental_parser': 'False', 'log_path': 'logs'}
[0m15:11:33.825626 [debug] [MainThread]: Starter project path: C:\Users\MY MSI\AppData\Local\Programs\Python\Python312\Lib\site-packages\dbt\include\starter_project
[0m15:11:33.882660 [info ] [MainThread]: 
Your new dbt project "dbt_ecommerce" was created!

For more information on how to configure the profiles.yml file,
please consult the dbt documentation here:

  https://docs.getdbt.com/docs/configure-your-profile

One more thing:

Need help? Don't hesitate to reach out to us via GitHub issues or on Slack:

  https://community.getdbt.com/

Happy modeling!

[0m15:11:33.883223 [info ] [MainThread]: Setting up your profile.
[0m15:11:50.594404 [debug] [MainThread]: Spark adapter: Setting pyhive.hive logging to ERROR
[0m15:11:50.595423 [debug] [MainThread]: Spark adapter: Setting thrift.transport logging to ERROR
[0m15:11:50.595423 [debug] [MainThread]: Spark adapter: Setting thrift.protocol logging to ERROR
[0m22:38:26.536454 [debug] [MainThread]: Sending event: {'category': 'dbt', 'action': 'invocation', 'label': 'start', 'context': [<snowplow_tracker.self_describing_json.SelfDescribingJson object at 0x0000024E44000740>, <snowplow_tracker.self_describing_json.SelfDescribingJson object at 0x0000024E440007A0>, <snowplow_tracker.self_describing_json.SelfDescribingJson object at 0x0000024E44000620>]}


============================== 22:38:26.541814 | ec3cc260-11da-4fab-b771-ca029b94e712 ==============================
[0m22:38:26.541814 [info ] [MainThread]: Running with dbt=1.11.6
[0m22:38:26.542787 [debug] [MainThread]: running dbt with arguments {'version_check': 'True', 'no_print': 'None', 'static_parser': 'True', 'target_path': 'None', 'warn_error_options': 'WarnErrorOptionsV2(error=[], warn=[], silence=[])', 'printer_width': '80', 'write_json': 'True', 'introspect': 'True', 'log_cache_events': 'False', 'empty': 'None', 'cache_selected_only': 'False', 'log_format': 'default', 'debug': 'False', 'fail_fast': 'False', 'partial_parse': 'True', 'send_anonymous_usage_stats': 'True', 'quiet': 'False', 'warn_error': 'None', 'profiles_dir': 'C:\\Users\\MY MSI\\.dbt', 'use_colors': 'True', 'indirect_selection': 'eager', 'invocation_command': 'dbt debug', 'use_experimental_parser': 'False', 'log_path': 'logs'}
[0m22:38:26.599065 [info ] [MainThread]: dbt version: 1.11.6
[0m22:38:26.600576 [info ] [MainThread]: python version: 3.12.1
[0m22:38:26.601578 [info ] [MainThread]: python path: C:\Users\MY MSI\AppData\Local\Programs\Python\Python312\python.exe
[0m22:38:26.602577 [info ] [MainThread]: os info: Windows-11-10.0.26200-SP0
[0m22:38:26.608097 [info ] [MainThread]: Error importing adapter: No module named 'dbt.adapters.postgres'
[0m22:38:26.609602 [info ] [MainThread]: Error importing adapter: No module named 'dbt.adapters.postgres'
[0m22:38:30.924922 [debug] [MainThread]: Spark adapter: Setting pyhive.hive logging to ERROR
[0m22:38:30.924922 [debug] [MainThread]: Spark adapter: Setting thrift.transport logging to ERROR
[0m22:38:30.926092 [debug] [MainThread]: Spark adapter: Setting thrift.protocol logging to ERROR
[0m22:38:33.310014 [info ] [MainThread]: Using profiles dir at C:\Users\MY MSI\.dbt
[0m22:38:33.310014 [info ] [MainThread]: Using profiles.yml file at C:\Users\MY MSI\.dbt\profiles.yml
[0m22:38:33.311000 [info ] [MainThread]: Using dbt_project.yml file at C:\Users\MY MSI\Desktop\Project\Data Engineer\Brazillian Ecommerce DataLakeHouse\dbt_project.yml
[0m22:38:33.311000 [info ] [MainThread]: Configuration:
[0m22:38:33.312082 [info ] [MainThread]:   profiles.yml file [[31mERROR invalid[0m]
[0m22:38:33.312411 [info ] [MainThread]:   dbt_project.yml file [[31mERROR not found[0m]
[0m22:38:33.313146 [info ] [MainThread]: Required dependencies:
[0m22:38:33.313146 [debug] [MainThread]: Executing "git --help"
[0m22:38:33.351002 [debug] [MainThread]: STDOUT: "b"usage: git [-v | --version] [-h | --help] [-C <path>] [-c <name>=<value>]\n           [--exec-path[=<path>]] [--html-path] [--man-path] [--info-path]\n           [-p | --paginate | -P | --no-pager] [--no-replace-objects] [--no-lazy-fetch]\n           [--no-optional-locks] [--no-advice] [--bare] [--git-dir=<path>]\n           [--work-tree=<path>] [--namespace=<name>] [--config-env=<name>=<envvar>]\n           <command> [<args>]\n\nThese are common Git commands used in various situations:\n\nstart a working area (see also: git help tutorial)\n   clone      Clone a repository into a new directory\n   init       Create an empty Git repository or reinitialize an existing one\n\nwork on the current change (see also: git help everyday)\n   add        Add file contents to the index\n   mv         Move or rename a file, a directory, or a symlink\n   restore    Restore working tree files\n   rm         Remove files from the working tree and from the index\n\nexamine the history and state (see also: git help revisions)\n   bisect     Use binary search to find the commit that introduced a bug\n   diff       Show changes between commits, commit and working tree, etc\n   grep       Print lines matching a pattern\n   log        Show commit logs\n   show       Show various types of objects\n   status     Show the working tree status\n\ngrow, mark and tweak your common history\n   backfill   Download missing objects in a partial clone\n   branch     List, create, or delete branches\n   commit     Record changes to the repository\n   merge      Join two or more development histories together\n   rebase     Reapply commits on top of another base tip\n   reset      Reset current HEAD to the specified state\n   switch     Switch branches\n   tag        Create, list, delete or verify a tag object signed with GPG\n\ncollaborate (see also: git help workflows)\n   fetch      Download objects and refs from another repository\n   pull       Fetch from and integrate with another repository or a local branch\n   push       Update remote refs along with associated objects\n\n'git help -a' and 'git help -g' list available subcommands and some\nconcept guides. See 'git help <command>' or 'git help <concept>'\nto read about a specific subcommand or concept.\nSee 'git help git' for an overview of the system.\n""
[0m22:38:33.352003 [debug] [MainThread]: STDERR: "b''"
[0m22:38:33.353004 [info ] [MainThread]:  - git [[32mOK found[0m]

[0m22:38:33.353004 [info ] [MainThread]: Connection test skipped since no profile was found
[0m22:38:33.354511 [info ] [MainThread]: [31m2 checks failed:[0m
[0m22:38:33.355072 [info ] [MainThread]: Could not load dbt_project.yml
Profile loading failed for the following reason:
Runtime Error
  Credentials in profile "dbt_vietnamwork", target "dev" invalid: Runtime Error
    Could not find adapter type postgres!

Runtime Error
  Credentials in profile "vietnamework_de", target "dev" invalid: Runtime Error
    Could not find adapter type postgres!


[0m22:38:33.356079 [info ] [MainThread]: Project loading failed for the following reason:
 project path <C:\Users\MY MSI\Desktop\Project\Data Engineer\Brazillian Ecommerce DataLakeHouse\dbt_project.yml> not found

[0m22:38:33.357079 [debug] [MainThread]: Command `dbt debug` failed at 22:38:33.357079 after 6.97 seconds
[0m22:38:33.358077 [debug] [MainThread]: Sending event: {'category': 'dbt', 'action': 'invocation', 'label': 'end', 'context': [<snowplow_tracker.self_describing_json.SelfDescribingJson object at 0x0000024E66329040>, <snowplow_tracker.self_describing_json.SelfDescribingJson object at 0x0000024E6685F8C0>, <snowplow_tracker.self_describing_json.SelfDescribingJson object at 0x0000024E66607AA0>]}
[0m22:38:33.358077 [debug] [MainThread]: Flushing usage events
